OpenApiSample_mobile/CommExpert/build/intermediates/manifest_merge_blame_file/debug/manifest-merger-blame-debug-report.txt
1<?xml version="1.0" encoding="utf-8"?>
2<manifest xmlns:android="http://schemas.android.com/apk/res/android"
3    package="com.commexpert.corelib"
4    android:versionCode="1"
5    android:versionName="1.0" >
6
7    <uses-sdk
7-->OpenApiSample_mobile\CommExpert\AndroidManifest.xml:6:5-47
8        android:minSdkVersion="15"
8-->OpenApiSample_mobile\CommExpert\AndroidManifest.xml:6:5-47
9        android:targetSdkVersion="21" />
9-->OpenApiSample_mobile\CommExpert\AndroidManifest.xml:6:15-44
10
11    <!-- <application -->
12    <!-- android:allowBackup="true" -->
13    <!-- android:icon="@drawable/ic_launcher" -->
14    <!-- android:label="@string/app_name" -->
15    <!-- android:theme="@style/AppTheme" > -->
16    <!-- </application> -->
17
18</manifest>